<?xml version="1.0" encoding="UTF-8"?>
<coverage generated="1731387765729" clover="3.2.0">
  <project timestamp="1731387765729" name="All files">
    <metrics statements="135" coveredstatements="120" conditionals="77" coveredconditionals="59" methods="54" coveredmethods="49" elements="266" coveredelements="228" complexity="0" loc="135" ncloc="135" packages="1" files="9" classes="9"/>
    <file name="About.jsx" path="/Users/brianshon/Downloads/hairbnb/client/src/components/About.jsx">
      <metrics statements="1" coveredstatements="1" conditionals="0" coveredconditionals="0" methods="1" coveredmethods="1"/>
      <line num="5" count="4" type="stmt"/>
    </file>
    <file name="Contact.jsx" path="/Users/brianshon/Downloads/hairbnb/client/src/components/Contact.jsx">
      <metrics statements="1" coveredstatements="1" conditionals="0" coveredconditionals="0" methods="1" coveredmethods="1"/>
      <line num="5" count="4" type="stmt"/>
    </file>
    <file name="Footer.jsx" path="/Users/brianshon/Downloads/hairbnb/client/src/components/Footer.jsx">
      <metrics statements="1" coveredstatements="1" conditionals="0" coveredconditionals="0" methods="1" coveredmethods="1"/>
      <line num="5" count="2" type="stmt"/>
    </file>
    <file name="Header.jsx" path="/Users/brianshon/Downloads/hairbnb/client/src/components/Header.jsx">
      <metrics statements="1" coveredstatements="1" conditionals="0" coveredconditionals="0" methods="1" coveredmethods="1"/>
      <line num="5" count="3" type="stmt"/>
    </file>
    <file name="HeroSection.jsx" path="/Users/brianshon/Downloads/hairbnb/client/src/components/HeroSection.jsx">
      <metrics statements="1" coveredstatements="1" conditionals="0" coveredconditionals="0" methods="1" coveredmethods="1"/>
      <line num="5" count="3" type="stmt"/>
    </file>
    <file name="Navbar.jsx" path="/Users/brianshon/Downloads/hairbnb/client/src/components/Navbar.jsx">
      <metrics statements="3" coveredstatements="3" conditionals="4" coveredconditionals="2" methods="3" coveredmethods="3"/>
      <line num="5" count="6" type="stmt"/>
      <line num="23" count="6" type="cond" truecount="1" falsecount="1"/>
      <line num="31" count="6" type="cond" truecount="1" falsecount="1"/>
    </file>
    <file name="ProfilePage.jsx" path="/Users/brianshon/Downloads/hairbnb/client/src/components/ProfilePage.jsx">
      <metrics statements="32" coveredstatements="30" conditionals="8" coveredconditionals="7" methods="11" coveredmethods="11"/>
      <line num="4" count="1" type="stmt"/>
      <line num="5" count="11" type="stmt"/>
      <line num="6" count="10" type="stmt"/>
      <line num="11" count="10" type="stmt"/>
      <line num="12" count="5" type="stmt"/>
      <line num="13" count="5" type="stmt"/>
      <line num="14" count="5" type="stmt"/>
      <line num="15" count="5" type="stmt"/>
      <line num="16" count="5" type="cond" truecount="1" falsecount="1"/>
      <line num="17" count="5" type="stmt"/>
      <line num="18" count="5" type="stmt"/>
      <line num="20" count="5" type="stmt"/>
      <line num="21" count="5" type="stmt"/>
      <line num="22" count="8" type="stmt"/>
      <line num="24" count="5" type="stmt"/>
      <line num="25" count="8" type="stmt"/>
      <line num="28" count="5" type="stmt"/>
      <line num="34" count="0" type="stmt"/>
      <line num="38" count="5" type="stmt"/>
      <line num="41" count="10" type="stmt"/>
      <line num="42" count="1" type="stmt"/>
      <line num="43" count="1" type="stmt"/>
      <line num="44" count="1" type="stmt"/>
      <line num="47" count="1" type="stmt"/>
      <line num="50" count="1" type="stmt"/>
      <line num="52" count="0" type="stmt"/>
      <line num="56" count="10" type="cond" truecount="2" falsecount="0"/>
      <line num="57" count="5" type="stmt"/>
      <line num="60" count="5" type="stmt"/>
      <line num="75" count="3" type="stmt"/>
      <line num="81" count="1" type="stmt"/>
      <line num="99" count="4" type="stmt"/>
    </file>
    <file name="RecordList.jsx" path="/Users/brianshon/Downloads/hairbnb/client/src/components/RecordList.jsx">
      <metrics statements="54" coveredstatements="46" conditionals="47" coveredconditionals="38" methods="24" coveredmethods="19"/>
      <line num="8" count="29" type="stmt"/>
      <line num="9" count="28" type="stmt"/>
      <line num="10" count="28" type="stmt"/>
      <line num="11" count="28" type="stmt"/>
      <line num="19" count="28" type="stmt"/>
      <line num="21" count="28" type="stmt"/>
      <line num="23" count="9" type="stmt"/>
      <line num="24" count="9" type="cond" truecount="1" falsecount="1"/>
      <line num="25" count="0" type="stmt"/>
      <line num="26" count="0" type="stmt"/>
      <line num="27" count="0" type="stmt"/>
      <line num="29" count="9" type="stmt"/>
      <line num="30" count="9" type="stmt"/>
      <line num="32" count="9" type="stmt"/>
      <line num="36" count="28" type="stmt"/>
      <line num="37" count="0" type="stmt"/>
      <line num="58" count="28" type="stmt"/>
      <line num="60" count="34" type="cond" truecount="3" falsecount="0"/>
      <line num="65" count="33" type="cond" truecount="2" falsecount="0"/>
      <line num="66" count="8" type="cond" truecount="1" falsecount="1"/>
      <line num="69" count="8" type="stmt"/>
      <line num="70" count="8" type="stmt"/>
      <line num="72" count="8" type="cond" truecount="2" falsecount="0"/>
      <line num="73" count="4" type="stmt"/>
      <line num="77" count="29" type="cond" truecount="4" falsecount="0"/>
      <line num="78" count="2" type="cond" truecount="1" falsecount="1"/>
      <line num="79" count="2" type="cond" truecount="2" falsecount="0"/>
      <line num="80" count="2" type="cond" truecount="1" falsecount="1"/>
      <line num="83" count="2" type="stmt"/>
      <line num="84" count="2" type="stmt"/>
      <line num="85" count="2" type="cond" truecount="2" falsecount="0"/>
      <line num="87" count="2" type="cond" truecount="1" falsecount="1"/>
      <line num="88" count="0" type="stmt"/>
      <line num="101" count="29" type="stmt"/>
      <line num="106" count="28" type="stmt"/>
      <line num="107" count="31" type="stmt"/>
      <line num="109" count="31" type="stmt"/>
      <line num="111" count="1" type="stmt"/>
      <line num="114" count="31" type="stmt"/>
      <line num="116" count="0" type="stmt"/>
      <line num="119" count="31" type="cond" truecount="1" falsecount="1"/>
      <line num="124" count="31" type="stmt"/>
      <line num="144" count="31" type="stmt"/>
      <line num="176" count="29" type="stmt"/>
      <line num="177" count="28" type="stmt"/>
      <line num="178" count="29" type="stmt"/>
      <line num="185" count="28" type="stmt"/>
      <line num="201" count="1" type="stmt"/>
      <line num="244" count="0" type="stmt"/>
      <line num="257" count="2" type="stmt"/>
      <line num="270" count="1" type="stmt"/>
      <line num="277" count="1" type="stmt"/>
      <line num="289" count="0" type="stmt"/>
      <line num="297" count="1" type="stmt"/>
    </file>
    <file name="StylingPage.jsx" path="/Users/brianshon/Downloads/hairbnb/client/src/components/StylingPage.jsx">
      <metrics statements="41" coveredstatements="36" conditionals="18" coveredconditionals="12" methods="11" coveredmethods="11"/>
      <line num="5" count="1" type="stmt"/>
      <line num="6" count="14" type="stmt"/>
      <line num="7" count="14" type="stmt"/>
      <line num="9" count="14" type="stmt"/>
      <line num="10" count="14" type="stmt"/>
      <line num="11" count="14" type="stmt"/>
      <line num="12" count="14" type="stmt"/>
      <line num="14" count="14" type="stmt"/>
      <line num="15" count="4" type="stmt"/>
      <line num="16" count="4" type="stmt"/>
      <line num="17" count="4" type="stmt"/>
      <line num="18" count="4" type="cond" truecount="1" falsecount="1"/>
      <line num="19" count="0" type="stmt"/>
      <line num="20" count="0" type="stmt"/>
      <line num="22" count="4" type="stmt"/>
      <line num="23" count="4" type="stmt"/>
      <line num="26" count="8" type="stmt"/>
      <line num="36" count="4" type="stmt"/>
      <line num="37" count="4" type="stmt"/>
      <line num="39" count="0" type="stmt"/>
      <line num="43" count="4" type="stmt"/>
      <line num="57" count="4" type="stmt"/>
      <line num="64" count="14" type="stmt"/>
      <line num="65" count="1" type="stmt"/>
      <line num="66" count="1" type="stmt"/>
      <line num="71" count="0" type="stmt"/>
      <line num="73" count="1" type="stmt"/>
      <line num="77" count="14" type="stmt"/>
      <line num="78" count="1" type="cond" truecount="1" falsecount="1"/>
      <line num="79" count="1" type="stmt"/>
      <line num="81" count="2" type="stmt"/>
      <line num="82" count="1" type="stmt"/>
      <line num="83" count="1" type="stmt"/>
      <line num="85" count="0" type="stmt"/>
      <line num="89" count="14" type="cond" truecount="2" falsecount="0"/>
      <line num="90" count="8" type="stmt"/>
      <line num="93" count="6" type="stmt"/>
      <line num="131" count="6" type="stmt"/>
      <line num="156" count="12" type="stmt"/>
      <line num="202" count="11" type="stmt"/>
      <line num="208" count="1" type="stmt"/>
    </file>
  </project>
</coverage>
