{"/Users/brianshon/Downloads/hairbnb/client/src/components/About.jsx": {"path":"/Users/brianshon/Downloads/hairbnb/client/src/components/About.jsx","statementMap":{"0":{"start":{"line":5,"column":2},"end":{"line":70,"column":4}}},"fnMap":{"0":{"name":"About","decl":{"start":{"line":4,"column":9},"end":{"line":4,"column":14}},"loc":{"start":{"line":4,"column":17},"end":{"line":71,"column":1}},"line":4}},"branchMap":{},"s":{"0":4},"f":{"0":4},"b":{},"_coverageSchema":"1a1c01bbd47fc00a2c39e90264f33305004495a9","hash":"b880ca260bd0246367d66ba060f479cbdbbe69dd"}
,"/Users/brianshon/Downloads/hairbnb/client/src/components/Contact.jsx": {"path":"/Users/brianshon/Downloads/hairbnb/client/src/components/Contact.jsx","statementMap":{"0":{"start":{"line":5,"column":2},"end":{"line":54,"column":4}}},"fnMap":{"0":{"name":"Contact","decl":{"start":{"line":4,"column":9},"end":{"line":4,"column":16}},"loc":{"start":{"line":4,"column":19},"end":{"line":55,"column":1}},"line":4}},"branchMap":{},"s":{"0":4},"f":{"0":4},"b":{},"_coverageSchema":"1a1c01bbd47fc00a2c39e90264f33305004495a9","hash":"208ac0a9a0714d902a3e8c877d4d6b70811f2417"}
,"/Users/brianshon/Downloads/hairbnb/client/src/components/Footer.jsx": {"path":"/Users/brianshon/Downloads/hairbnb/client/src/components/Footer.jsx","statementMap":{"0":{"start":{"line":5,"column":2},"end":{"line":28,"column":4}}},"fnMap":{"0":{"name":"Footer","decl":{"start":{"line":4,"column":9},"end":{"line":4,"column":15}},"loc":{"start":{"line":4,"column":18},"end":{"line":29,"column":1}},"line":4}},"branchMap":{},"s":{"0":2},"f":{"0":2},"b":{},"_coverageSchema":"1a1c01bbd47fc00a2c39e90264f33305004495a9","hash":"7ef029b7320b74011cde873817f5a13dedc4ce92"}
,"/Users/brianshon/Downloads/hairbnb/client/src/components/Header.jsx": {"path":"/Users/brianshon/Downloads/hairbnb/client/src/components/Header.jsx","statementMap":{"0":{"start":{"line":5,"column":2},"end":{"line":27,"column":4}}},"fnMap":{"0":{"name":"Header","decl":{"start":{"line":4,"column":9},"end":{"line":4,"column":15}},"loc":{"start":{"line":4,"column":18},"end":{"line":28,"column":1}},"line":4}},"branchMap":{},"s":{"0":3},"f":{"0":3},"b":{},"_coverageSchema":"1a1c01bbd47fc00a2c39e90264f33305004495a9","hash":"879ffa8cc8dcf5f8a2ecbf469d1010e9ec65fdfd"}
,"/Users/brianshon/Downloads/hairbnb/client/src/components/HeroSection.jsx": {"path":"/Users/brianshon/Downloads/hairbnb/client/src/components/HeroSection.jsx","statementMap":{"0":{"start":{"line":5,"column":2},"end":{"line":29,"column":4}}},"fnMap":{"0":{"name":"HeroSection","decl":{"start":{"line":4,"column":9},"end":{"line":4,"column":20}},"loc":{"start":{"line":4,"column":23},"end":{"line":30,"column":1}},"line":4}},"branchMap":{},"s":{"0":3},"f":{"0":3},"b":{},"_coverageSchema":"1a1c01bbd47fc00a2c39e90264f33305004495a9","hash":"53e6ffa4eb7c43f6515d35e3721f366742d0d8d2"}
,"/Users/brianshon/Downloads/hairbnb/client/src/components/Navbar.jsx": {"path":"/Users/brianshon/Downloads/hairbnb/client/src/components/Navbar.jsx","statementMap":{"0":{"start":{"line":5,"column":2},"end":{"line":57,"column":4}},"1":{"start":{"line":23,"column":14},"end":{"line":23,"column":182}},"2":{"start":{"line":31,"column":14},"end":{"line":31,"column":182}}},"fnMap":{"0":{"name":"Navbar","decl":{"start":{"line":4,"column":24},"end":{"line":4,"column":30}},"loc":{"start":{"line":4,"column":33},"end":{"line":58,"column":1}},"line":4},"1":{"name":"(anonymous_1)","decl":{"start":{"line":22,"column":23},"end":{"line":22,"column":24}},"loc":{"start":{"line":23,"column":14},"end":{"line":23,"column":182}},"line":23},"2":{"name":"(anonymous_2)","decl":{"start":{"line":30,"column":23},"end":{"line":30,"column":24}},"loc":{"start":{"line":31,"column":14},"end":{"line":31,"column":182}},"line":31}},"branchMap":{"0":{"loc":{"start":{"line":23,"column":14},"end":{"line":23,"column":182}},"type":"cond-expr","locations":[{"start":{"line":23,"column":25},"end":{"line":23,"column":90}},{"start":{"line":23,"column":93},"end":{"line":23,"column":182}}],"line":23},"1":{"loc":{"start":{"line":31,"column":14},"end":{"line":31,"column":182}},"type":"cond-expr","locations":[{"start":{"line":31,"column":25},"end":{"line":31,"column":90}},{"start":{"line":31,"column":93},"end":{"line":31,"column":182}}],"line":31}},"s":{"0":6,"1":6,"2":6},"f":{"0":6,"1":6,"2":6},"b":{"0":[0,6],"1":[6,0]},"_coverageSchema":"1a1c01bbd47fc00a2c39e90264f33305004495a9","hash":"c7b57e037a9a1b8a7e7dc77d010030a6a5dbc7d2"}
,"/Users/brianshon/Downloads/hairbnb/client/src/components/ProfilePage.jsx": {"path":"/Users/brianshon/Downloads/hairbnb/client/src/components/ProfilePage.jsx","statementMap":{"0":{"start":{"line":4,"column":20},"end":{"line":110,"column":1}},"1":{"start":{"line":5,"column":32},"end":{"line":5,"column":46}},"2":{"start":{"line":6,"column":42},"end":{"line":9,"column":4}},"3":{"start":{"line":11,"column":2},"end":{"line":39,"column":9}},"4":{"start":{"line":12,"column":25},"end":{"line":36,"column":5}},"5":{"start":{"line":13,"column":6},"end":{"line":35,"column":7}},"6":{"start":{"line":14,"column":25},"end":{"line":14,"column":73}},"7":{"start":{"line":15,"column":8},"end":{"line":15,"column":47}},"8":{"start":{"line":16,"column":8},"end":{"line":32,"column":9}},"9":{"start":{"line":17,"column":30},"end":{"line":17,"column":43}},"10":{"start":{"line":18,"column":10},"end":{"line":18,"column":34}},"11":{"start":{"line":20,"column":30},"end":{"line":20,"column":40}},"12":{"start":{"line":21,"column":39},"end":{"line":23,"column":11}},"13":{"start":{"line":22,"column":22},"end":{"line":22,"column":55}},"14":{"start":{"line":24,"column":35},"end":{"line":26,"column":11}},"15":{"start":{"line":25,"column":22},"end":{"line":25,"column":56}},"16":{"start":{"line":28,"column":10},"end":{"line":31,"column":13}},"17":{"start":{"line":34,"column":8},"end":{"line":34,"column":61}},"18":{"start":{"line":38,"column":4},"end":{"line":38,"column":19}},"19":{"start":{"line":41,"column":23},"end":{"line":54,"column":3}},"20":{"start":{"line":42,"column":4},"end":{"line":53,"column":5}},"21":{"start":{"line":43,"column":6},"end":{"line":43,"column":80}},"22":{"start":{"line":44,"column":6},"end":{"line":49,"column":10}},"23":{"start":{"line":44,"column":45},"end":{"line":49,"column":7}},"24":{"start":{"line":47,"column":20},"end":{"line":47,"column":45}},"25":{"start":{"line":50,"column":6},"end":{"line":50,"column":36}},"26":{"start":{"line":52,"column":6},"end":{"line":52,"column":60}},"27":{"start":{"line":56,"column":2},"end":{"line":58,"column":3}},"28":{"start":{"line":57,"column":4},"end":{"line":57,"column":33}},"29":{"start":{"line":60,"column":2},"end":{"line":109,"column":4}},"30":{"start":{"line":75,"column":14},"end":{"line":86,"column":19}},"31":{"start":{"line":81,"column":33},"end":{"line":81,"column":61}},"32":{"start":{"line":99,"column":14},"end":{"line":101,"column":19}}},"fnMap":{"0":{"name":"(anonymous_0)","decl":{"start":{"line":4,"column":20},"end":{"line":4,"column":21}},"loc":{"start":{"line":4,"column":26},"end":{"line":110,"column":1}},"line":4},"1":{"name":"(anonymous_1)","decl":{"start":{"line":11,"column":12},"end":{"line":11,"column":13}},"loc":{"start":{"line":11,"column":18},"end":{"line":39,"column":3}},"line":11},"2":{"name":"(anonymous_2)","decl":{"start":{"line":12,"column":25},"end":{"line":12,"column":26}},"loc":{"start":{"line":12,"column":37},"end":{"line":36,"column":5}},"line":12},"3":{"name":"(anonymous_3)","decl":{"start":{"line":22,"column":12},"end":{"line":22,"column":13}},"loc":{"start":{"line":22,"column":22},"end":{"line":22,"column":55}},"line":22},"4":{"name":"(anonymous_4)","decl":{"start":{"line":25,"column":12},"end":{"line":25,"column":13}},"loc":{"start":{"line":25,"column":22},"end":{"line":25,"column":56}},"line":25},"5":{"name":"(anonymous_5)","decl":{"start":{"line":41,"column":23},"end":{"line":41,"column":24}},"loc":{"start":{"line":41,"column":48},"end":{"line":54,"column":3}},"line":41},"6":{"name":"(anonymous_6)","decl":{"start":{"line":44,"column":22},"end":{"line":44,"column":23}},"loc":{"start":{"line":44,"column":45},"end":{"line":49,"column":7}},"line":44},"7":{"name":"(anonymous_7)","decl":{"start":{"line":47,"column":10},"end":{"line":47,"column":11}},"loc":{"start":{"line":47,"column":20},"end":{"line":47,"column":45}},"line":47},"8":{"name":"(anonymous_8)","decl":{"start":{"line":74,"column":39},"end":{"line":74,"column":40}},"loc":{"start":{"line":75,"column":14},"end":{"line":86,"column":19}},"line":75},"9":{"name":"(anonymous_9)","decl":{"start":{"line":81,"column":27},"end":{"line":81,"column":28}},"loc":{"start":{"line":81,"column":33},"end":{"line":81,"column":61}},"line":81},"10":{"name":"(anonymous_10)","decl":{"start":{"line":98,"column":35},"end":{"line":98,"column":36}},"loc":{"start":{"line":99,"column":14},"end":{"line":101,"column":19}},"line":99}},"branchMap":{"0":{"loc":{"start":{"line":16,"column":8},"end":{"line":32,"column":9}},"type":"if","locations":[{"start":{"line":16,"column":8},"end":{"line":32,"column":9}},{"start":{},"end":{}}],"line":16},"1":{"loc":{"start":{"line":56,"column":2},"end":{"line":58,"column":3}},"type":"if","locations":[{"start":{"line":56,"column":2},"end":{"line":58,"column":3}},{"start":{},"end":{}}],"line":56},"2":{"loc":{"start":{"line":72,"column":9},"end":{"line":91,"column":9}},"type":"cond-expr","locations":[{"start":{"line":73,"column":10},"end":{"line":88,"column":15}},{"start":{"line":90,"column":10},"end":{"line":90,"column":68}}],"line":72},"3":{"loc":{"start":{"line":96,"column":9},"end":{"line":106,"column":9}},"type":"cond-expr","locations":[{"start":{"line":97,"column":10},"end":{"line":103,"column":15}},{"start":{"line":105,"column":10},"end":{"line":105,"column":64}}],"line":96}},"s":{"0":1,"1":11,"2":10,"3":10,"4":5,"5":5,"6":5,"7":5,"8":5,"9":5,"10":5,"11":5,"12":5,"13":8,"14":5,"15":8,"16":5,"17":0,"18":5,"19":10,"20":1,"21":1,"22":1,"23":1,"24":1,"25":1,"26":0,"27":10,"28":5,"29":5,"30":3,"31":1,"32":4},"f":{"0":11,"1":5,"2":5,"3":8,"4":8,"5":1,"6":1,"7":1,"8":3,"9":1,"10":4},"b":{"0":[5,0],"1":[5,5],"2":[3,2],"3":[4,1]},"_coverageSchema":"1a1c01bbd47fc00a2c39e90264f33305004495a9","hash":"db93c90ac575adf13d39974e7f30e3fb493b1c11"}
,"/Users/brianshon/Downloads/hairbnb/client/src/components/RecordList.jsx": {"path":"/Users/brianshon/Downloads/hairbnb/client/src/components/RecordList.jsx","statementMap":{"0":{"start":{"line":8,"column":32},"end":{"line":8,"column":44}},"1":{"start":{"line":9,"column":40},"end":{"line":9,"column":52}},"2":{"start":{"line":10,"column":30},"end":{"line":10,"column":45}},"3":{"start":{"line":11,"column":32},"end":{"line":17,"column":4}},"4":{"start":{"line":19,"column":25},"end":{"line":19,"column":49}},"5":{"start":{"line":19,"column":31},"end":{"line":19,"column":49}},"6":{"start":{"line":21,"column":2},"end":{"line":34,"column":9}},"7":{"start":{"line":23,"column":23},"end":{"line":23,"column":67}},"8":{"start":{"line":24,"column":6},"end":{"line":28,"column":7}},"9":{"start":{"line":25,"column":24},"end":{"line":25,"column":67}},"10":{"start":{"line":26,"column":8},"end":{"line":26,"column":31}},"11":{"start":{"line":27,"column":8},"end":{"line":27,"column":15}},"12":{"start":{"line":29,"column":22},"end":{"line":29,"column":43}},"13":{"start":{"line":30,"column":6},"end":{"line":30,"column":26}},"14":{"start":{"line":32,"column":4},"end":{"line":32,"column":17}},"15":{"start":{"line":36,"column":23},"end":{"line":41,"column":3}},"16":{"start":{"line":37,"column":4},"end":{"line":40,"column":8}},"17":{"start":{"line":37,"column":33},"end":{"line":40,"column":5}},"18":{"start":{"line":58,"column":24},"end":{"line":103,"column":1}},"19":{"start":{"line":60,"column":4},"end":{"line":62,"column":67}},"20":{"start":{"line":65,"column":4},"end":{"line":75,"column":5}},"21":{"start":{"line":66,"column":28},"end":{"line":68,"column":12}},"22":{"start":{"line":69,"column":27},"end":{"line":71,"column":7}},"23":{"start":{"line":70,"column":8},"end":{"line":70,"column":74}},"24":{"start":{"line":72,"column":6},"end":{"line":74,"column":7}},"25":{"start":{"line":73,"column":8},"end":{"line":73,"column":21}},"26":{"start":{"line":77,"column":4},"end":{"line":90,"column":5}},"27":{"start":{"line":78,"column":23},"end":{"line":78,"column":56}},"28":{"start":{"line":79,"column":23},"end":{"line":79,"column":63}},"29":{"start":{"line":80,"column":28},"end":{"line":82,"column":12}},"30":{"start":{"line":83,"column":27},"end":{"line":86,"column":8}},"31":{"start":{"line":84,"column":22},"end":{"line":84,"column":45}},"32":{"start":{"line":85,"column":8},"end":{"line":85,"column":54}},"33":{"start":{"line":87,"column":6},"end":{"line":89,"column":7}},"34":{"start":{"line":88,"column":8},"end":{"line":88,"column":21}},"35":{"start":{"line":101,"column":4},"end":{"line":101,"column":16}},"36":{"start":{"line":106,"column":18},"end":{"line":171,"column":1}},"37":{"start":{"line":107,"column":19},"end":{"line":107,"column":32}},"38":{"start":{"line":109,"column":29},"end":{"line":112,"column":3}},"39":{"start":{"line":111,"column":4},"end":{"line":111,"column":39}},"40":{"start":{"line":114,"column":29},"end":{"line":117,"column":3}},"41":{"start":{"line":116,"column":4},"end":{"line":116,"column":44}},"42":{"start":{"line":119,"column":24},"end":{"line":121,"column":8}},"43":{"start":{"line":124,"column":2},"end":{"line":170,"column":4}},"44":{"start":{"line":144,"column":16},"end":{"line":144,"column":49}},"45":{"start":{"line":176,"column":27},"end":{"line":176,"column":89}},"46":{"start":{"line":176,"column":62},"end":{"line":176,"column":88}},"47":{"start":{"line":177,"column":4},"end":{"line":182,"column":7}},"48":{"start":{"line":178,"column":6},"end":{"line":181,"column":8}},"49":{"start":{"line":185,"column":2},"end":{"line":332,"column":4}},"50":{"start":{"line":201,"column":29},"end":{"line":201,"column":59}},"51":{"start":{"line":244,"column":31},"end":{"line":244,"column":83}},"52":{"start":{"line":257,"column":31},"end":{"line":257,"column":84}},"53":{"start":{"line":270,"column":33},"end":{"line":270,"column":85}},"54":{"start":{"line":277,"column":33},"end":{"line":277,"column":85}},"55":{"start":{"line":289,"column":31},"end":{"line":289,"column":87}},"56":{"start":{"line":297,"column":29},"end":{"line":302,"column":37}}},"fnMap":{"0":{"name":"RecordList","decl":{"start":{"line":7,"column":24},"end":{"line":7,"column":34}},"loc":{"start":{"line":7,"column":37},"end":{"line":333,"column":1}},"line":7},"1":{"name":"(anonymous_1)","decl":{"start":{"line":19,"column":25},"end":{"line":19,"column":26}},"loc":{"start":{"line":19,"column":31},"end":{"line":19,"column":49}},"line":19},"2":{"name":"(anonymous_2)","decl":{"start":{"line":21,"column":12},"end":{"line":21,"column":13}},"loc":{"start":{"line":21,"column":18},"end":{"line":34,"column":3}},"line":21},"3":{"name":"getRecords","decl":{"start":{"line":22,"column":19},"end":{"line":22,"column":29}},"loc":{"start":{"line":22,"column":32},"end":{"line":31,"column":5}},"line":22},"4":{"name":"(anonymous_4)","decl":{"start":{"line":36,"column":23},"end":{"line":36,"column":24}},"loc":{"start":{"line":36,"column":35},"end":{"line":41,"column":3}},"line":36},"5":{"name":"(anonymous_5)","decl":{"start":{"line":37,"column":15},"end":{"line":37,"column":16}},"loc":{"start":{"line":37,"column":33},"end":{"line":40,"column":5}},"line":37},"6":{"name":"(anonymous_6)","decl":{"start":{"line":59,"column":10},"end":{"line":59,"column":11}},"loc":{"start":{"line":60,"column":4},"end":{"line":62,"column":67}},"line":60},"7":{"name":"(anonymous_7)","decl":{"start":{"line":64,"column":10},"end":{"line":64,"column":11}},"loc":{"start":{"line":64,"column":22},"end":{"line":102,"column":3}},"line":64},"8":{"name":"(anonymous_8)","decl":{"start":{"line":69,"column":46},"end":{"line":69,"column":47}},"loc":{"start":{"line":70,"column":8},"end":{"line":70,"column":74}},"line":70},"9":{"name":"(anonymous_9)","decl":{"start":{"line":83,"column":46},"end":{"line":83,"column":47}},"loc":{"start":{"line":83,"column":57},"end":{"line":86,"column":7}},"line":83},"10":{"name":"(anonymous_10)","decl":{"start":{"line":106,"column":18},"end":{"line":106,"column":19}},"loc":{"start":{"line":106,"column":34},"end":{"line":171,"column":1}},"line":106},"11":{"name":"(anonymous_11)","decl":{"start":{"line":109,"column":29},"end":{"line":109,"column":30}},"loc":{"start":{"line":109,"column":35},"end":{"line":112,"column":3}},"line":109},"12":{"name":"(anonymous_12)","decl":{"start":{"line":114,"column":29},"end":{"line":114,"column":30}},"loc":{"start":{"line":114,"column":35},"end":{"line":117,"column":3}},"line":114},"13":{"name":"(anonymous_13)","decl":{"start":{"line":143,"column":33},"end":{"line":143,"column":34}},"loc":{"start":{"line":144,"column":16},"end":{"line":144,"column":49}},"line":144},"14":{"name":"recordList","decl":{"start":{"line":175,"column":11},"end":{"line":175,"column":21}},"loc":{"start":{"line":175,"column":24},"end":{"line":183,"column":3}},"line":175},"15":{"name":"(anonymous_15)","decl":{"start":{"line":176,"column":50},"end":{"line":176,"column":51}},"loc":{"start":{"line":176,"column":62},"end":{"line":176,"column":88}},"line":176},"16":{"name":"(anonymous_16)","decl":{"start":{"line":177,"column":30},"end":{"line":177,"column":31}},"loc":{"start":{"line":178,"column":6},"end":{"line":181,"column":8}},"line":178},"17":{"name":"(anonymous_17)","decl":{"start":{"line":201,"column":22},"end":{"line":201,"column":23}},"loc":{"start":{"line":201,"column":29},"end":{"line":201,"column":59}},"line":201},"18":{"name":"(anonymous_18)","decl":{"start":{"line":244,"column":24},"end":{"line":244,"column":25}},"loc":{"start":{"line":244,"column":31},"end":{"line":244,"column":83}},"line":244},"19":{"name":"(anonymous_19)","decl":{"start":{"line":257,"column":24},"end":{"line":257,"column":25}},"loc":{"start":{"line":257,"column":31},"end":{"line":257,"column":84}},"line":257},"20":{"name":"(anonymous_20)","decl":{"start":{"line":270,"column":26},"end":{"line":270,"column":27}},"loc":{"start":{"line":270,"column":33},"end":{"line":270,"column":85}},"line":270},"21":{"name":"(anonymous_21)","decl":{"start":{"line":277,"column":26},"end":{"line":277,"column":27}},"loc":{"start":{"line":277,"column":33},"end":{"line":277,"column":85}},"line":277},"22":{"name":"(anonymous_22)","decl":{"start":{"line":289,"column":24},"end":{"line":289,"column":25}},"loc":{"start":{"line":289,"column":31},"end":{"line":289,"column":87}},"line":289},"23":{"name":"(anonymous_23)","decl":{"start":{"line":297,"column":23},"end":{"line":297,"column":24}},"loc":{"start":{"line":297,"column":29},"end":{"line":302,"column":37}},"line":297}},"branchMap":{"0":{"loc":{"start":{"line":24,"column":6},"end":{"line":28,"column":7}},"type":"if","locations":[{"start":{"line":24,"column":6},"end":{"line":28,"column":7}},{"start":{},"end":{}}],"line":24},"1":{"loc":{"start":{"line":60,"column":4},"end":{"line":62,"column":67}},"type":"binary-expr","locations":[{"start":{"line":60,"column":4},"end":{"line":60,"column":66}},{"start":{"line":61,"column":4},"end":{"line":61,"column":79}},{"start":{"line":62,"column":4},"end":{"line":62,"column":67}}],"line":60},"2":{"loc":{"start":{"line":65,"column":4},"end":{"line":75,"column":5}},"type":"if","locations":[{"start":{"line":65,"column":4},"end":{"line":75,"column":5}},{"start":{},"end":{}}],"line":65},"3":{"loc":{"start":{"line":66,"column":28},"end":{"line":68,"column":12}},"type":"cond-expr","locations":[{"start":{"line":67,"column":10},"end":{"line":67,"column":41}},{"start":{"line":68,"column":10},"end":{"line":68,"column":12}}],"line":66},"4":{"loc":{"start":{"line":72,"column":6},"end":{"line":74,"column":7}},"type":"if","locations":[{"start":{"line":72,"column":6},"end":{"line":74,"column":7}},{"start":{},"end":{}}],"line":72},"5":{"loc":{"start":{"line":77,"column":4},"end":{"line":90,"column":5}},"type":"if","locations":[{"start":{"line":77,"column":4},"end":{"line":90,"column":5}},{"start":{},"end":{}}],"line":77},"6":{"loc":{"start":{"line":77,"column":8},"end":{"line":77,"column":62}},"type":"binary-expr","locations":[{"start":{"line":77,"column":8},"end":{"line":77,"column":33}},{"start":{"line":77,"column":37},"end":{"line":77,"column":62}}],"line":77},"7":{"loc":{"start":{"line":78,"column":23},"end":{"line":78,"column":56}},"type":"binary-expr","locations":[{"start":{"line":78,"column":23},"end":{"line":78,"column":51}},{"start":{"line":78,"column":55},"end":{"line":78,"column":56}}],"line":78},"8":{"loc":{"start":{"line":79,"column":23},"end":{"line":79,"column":63}},"type":"binary-expr","locations":[{"start":{"line":79,"column":23},"end":{"line":79,"column":51}},{"start":{"line":79,"column":55},"end":{"line":79,"column":63}}],"line":79},"9":{"loc":{"start":{"line":80,"column":28},"end":{"line":82,"column":12}},"type":"cond-expr","locations":[{"start":{"line":81,"column":10},"end":{"line":81,"column":41}},{"start":{"line":82,"column":10},"end":{"line":82,"column":12}}],"line":80},"10":{"loc":{"start":{"line":85,"column":15},"end":{"line":85,"column":53}},"type":"binary-expr","locations":[{"start":{"line":85,"column":15},"end":{"line":85,"column":32}},{"start":{"line":85,"column":36},"end":{"line":85,"column":53}}],"line":85},"11":{"loc":{"start":{"line":87,"column":6},"end":{"line":89,"column":7}},"type":"if","locations":[{"start":{"line":87,"column":6},"end":{"line":89,"column":7}},{"start":{},"end":{}}],"line":87},"12":{"loc":{"start":{"line":119,"column":24},"end":{"line":121,"column":8}},"type":"cond-expr","locations":[{"start":{"line":120,"column":6},"end":{"line":120,"column":37}},{"start":{"line":121,"column":6},"end":{"line":121,"column":8}}],"line":119},"13":{"loc":{"start":{"line":132,"column":49},"end":{"line":132,"column":109}},"type":"binary-expr","locations":[{"start":{"line":132,"column":49},"end":{"line":132,"column":73}},{"start":{"line":132,"column":77},"end":{"line":132,"column":109}}],"line":132},"14":{"loc":{"start":{"line":136,"column":41},"end":{"line":136,"column":107}},"type":"cond-expr","locations":[{"start":{"line":136,"column":66},"end":{"line":136,"column":99}},{"start":{"line":136,"column":102},"end":{"line":136,"column":107}}],"line":136},"15":{"loc":{"start":{"line":141,"column":9},"end":{"line":149,"column":11}},"type":"cond-expr","locations":[{"start":{"line":142,"column":12},"end":{"line":146,"column":17}},{"start":{"line":148,"column":12},"end":{"line":148,"column":22}}],"line":141},"16":{"loc":{"start":{"line":227,"column":12},"end":{"line":227,"column":46}},"type":"cond-expr","locations":[{"start":{"line":227,"column":21},"end":{"line":227,"column":33}},{"start":{"line":227,"column":36},"end":{"line":227,"column":46}}],"line":227},"17":{"loc":{"start":{"line":234,"column":7},"end":{"line":315,"column":7}},"type":"binary-expr","locations":[{"start":{"line":234,"column":7},"end":{"line":234,"column":13}},{"start":{"line":235,"column":8},"end":{"line":314,"column":14}}],"line":234},"18":{"loc":{"start":{"line":243,"column":21},"end":{"line":243,"column":42}},"type":"binary-expr","locations":[{"start":{"line":243,"column":21},"end":{"line":243,"column":37}},{"start":{"line":243,"column":41},"end":{"line":243,"column":42}}],"line":243},"19":{"loc":{"start":{"line":256,"column":21},"end":{"line":256,"column":44}},"type":"binary-expr","locations":[{"start":{"line":256,"column":21},"end":{"line":256,"column":38}},{"start":{"line":256,"column":42},"end":{"line":256,"column":44}}],"line":256},"20":{"loc":{"start":{"line":269,"column":23},"end":{"line":269,"column":45}},"type":"binary-expr","locations":[{"start":{"line":269,"column":23},"end":{"line":269,"column":39}},{"start":{"line":269,"column":43},"end":{"line":269,"column":45}}],"line":269},"21":{"loc":{"start":{"line":276,"column":23},"end":{"line":276,"column":45}},"type":"binary-expr","locations":[{"start":{"line":276,"column":23},"end":{"line":276,"column":39}},{"start":{"line":276,"column":43},"end":{"line":276,"column":45}}],"line":276},"22":{"loc":{"start":{"line":288,"column":21},"end":{"line":288,"column":47}},"type":"binary-expr","locations":[{"start":{"line":288,"column":21},"end":{"line":288,"column":41}},{"start":{"line":288,"column":45},"end":{"line":288,"column":47}}],"line":288}},"s":{"0":29,"1":28,"2":28,"3":28,"4":28,"5":6,"6":28,"7":9,"8":9,"9":0,"10":0,"11":0,"12":9,"13":9,"14":9,"15":28,"16":0,"17":0,"18":28,"19":34,"20":33,"21":8,"22":8,"23":8,"24":8,"25":4,"26":29,"27":2,"28":2,"29":2,"30":2,"31":2,"32":2,"33":2,"34":0,"35":29,"36":28,"37":31,"38":31,"39":1,"40":31,"41":0,"42":31,"43":31,"44":31,"45":28,"46":29,"47":28,"48":29,"49":28,"50":1,"51":0,"52":2,"53":1,"54":1,"55":0,"56":1},"f":{"0":29,"1":6,"2":9,"3":9,"4":0,"5":0,"6":34,"7":33,"8":8,"9":2,"10":31,"11":1,"12":0,"13":31,"14":28,"15":29,"16":29,"17":1,"18":0,"19":2,"20":1,"21":1,"22":0,"23":1},"b":{"0":[0,9],"1":[34,2,1],"2":[8,25],"3":[8,0],"4":[4,4],"5":[2,27],"6":[29,27],"7":[2,0],"8":[2,1],"9":[2,0],"10":[2,2],"11":[0,2],"12":[31,0],"13":[31,0],"14":[31,0],"15":[31,0],"16":[10,18],"17":[28,10],"18":[10,10],"19":[10,6],"20":[10,8],"21":[10,9],"22":[10,10]},"_coverageSchema":"1a1c01bbd47fc00a2c39e90264f33305004495a9","hash":"8f3fb4225049e335ae7f02eb58966071f143d846"}
,"/Users/brianshon/Downloads/hairbnb/client/src/components/StylingPage.jsx": {"path":"/Users/brianshon/Downloads/hairbnb/client/src/components/StylingPage.jsx","statementMap":{"0":{"start":{"line":5,"column":20},"end":{"line":237,"column":1}},"1":{"start":{"line":6,"column":17},"end":{"line":6,"column":28}},"2":{"start":{"line":7,"column":32},"end":{"line":7,"column":46}},"3":{"start":{"line":9,"column":32},"end":{"line":9,"column":44}},"4":{"start":{"line":10,"column":34},"end":{"line":10,"column":46}},"5":{"start":{"line":11,"column":42},"end":{"line":11,"column":56}},"6":{"start":{"line":12,"column":28},"end":{"line":12,"column":40}},"7":{"start":{"line":14,"column":2},"end":{"line":62,"column":11}},"8":{"start":{"line":15,"column":25},"end":{"line":41,"column":5}},"9":{"start":{"line":16,"column":6},"end":{"line":40,"column":7}},"10":{"start":{"line":17,"column":25},"end":{"line":17,"column":74}},"11":{"start":{"line":18,"column":8},"end":{"line":21,"column":9}},"12":{"start":{"line":19,"column":10},"end":{"line":19,"column":56}},"13":{"start":{"line":20,"column":10},"end":{"line":20,"column":17}},"14":{"start":{"line":22,"column":28},"end":{"line":22,"column":49}},"15":{"start":{"line":23,"column":8},"end":{"line":23,"column":32}},"16":{"start":{"line":26,"column":31},"end":{"line":34,"column":11}},"17":{"start":{"line":26,"column":93},"end":{"line":34,"column":9}},"18":{"start":{"line":36,"column":8},"end":{"line":36,"column":36}},"19":{"start":{"line":37,"column":8},"end":{"line":37,"column":49}},"20":{"start":{"line":39,"column":8},"end":{"line":39,"column":61}},"21":{"start":{"line":43,"column":4},"end":{"line":43,"column":19}},"22":{"start":{"line":57,"column":4},"end":{"line":60,"column":7}},"23":{"start":{"line":64,"column":20},"end":{"line":75,"column":3}},"24":{"start":{"line":65,"column":4},"end":{"line":74,"column":5}},"25":{"start":{"line":66,"column":23},"end":{"line":70,"column":8}},"26":{"start":{"line":71,"column":6},"end":{"line":71,"column":33}},"27":{"start":{"line":73,"column":6},"end":{"line":73,"column":51}},"28":{"start":{"line":77,"column":24},"end":{"line":87,"column":3}},"29":{"start":{"line":78,"column":4},"end":{"line":86,"column":5}},"30":{"start":{"line":79,"column":6},"end":{"line":79,"column":55}},"31":{"start":{"line":81,"column":6},"end":{"line":81,"column":79}},"32":{"start":{"line":81,"column":47},"end":{"line":81,"column":76}},"33":{"start":{"line":82,"column":6},"end":{"line":82,"column":18}},"34":{"start":{"line":83,"column":6},"end":{"line":83,"column":28}},"35":{"start":{"line":85,"column":6},"end":{"line":85,"column":37}},"36":{"start":{"line":89,"column":2},"end":{"line":91,"column":3}},"37":{"start":{"line":90,"column":4},"end":{"line":90,"column":33}},"38":{"start":{"line":93,"column":2},"end":{"line":236,"column":4}},"39":{"start":{"line":131,"column":10},"end":{"line":143,"column":16}},"40":{"start":{"line":156,"column":12},"end":{"line":162,"column":18}},"41":{"start":{"line":202,"column":16},"end":{"line":211,"column":24}},"42":{"start":{"line":208,"column":37},"end":{"line":208,"column":68}}},"fnMap":{"0":{"name":"(anonymous_0)","decl":{"start":{"line":5,"column":20},"end":{"line":5,"column":21}},"loc":{"start":{"line":5,"column":26},"end":{"line":237,"column":1}},"line":5},"1":{"name":"(anonymous_1)","decl":{"start":{"line":14,"column":12},"end":{"line":14,"column":13}},"loc":{"start":{"line":14,"column":18},"end":{"line":62,"column":3}},"line":14},"2":{"name":"(anonymous_2)","decl":{"start":{"line":15,"column":25},"end":{"line":15,"column":26}},"loc":{"start":{"line":15,"column":37},"end":{"line":41,"column":5}},"line":15},"3":{"name":"(anonymous_3)","decl":{"start":{"line":26,"column":69},"end":{"line":26,"column":70}},"loc":{"start":{"line":26,"column":93},"end":{"line":34,"column":9}},"line":26},"4":{"name":"(anonymous_4)","decl":{"start":{"line":64,"column":20},"end":{"line":64,"column":21}},"loc":{"start":{"line":64,"column":32},"end":{"line":75,"column":3}},"line":64},"5":{"name":"(anonymous_5)","decl":{"start":{"line":77,"column":24},"end":{"line":77,"column":25}},"loc":{"start":{"line":77,"column":30},"end":{"line":87,"column":3}},"line":77},"6":{"name":"(anonymous_6)","decl":{"start":{"line":81,"column":34},"end":{"line":81,"column":35}},"loc":{"start":{"line":81,"column":47},"end":{"line":81,"column":76}},"line":81},"7":{"name":"(anonymous_7)","decl":{"start":{"line":130,"column":50},"end":{"line":130,"column":51}},"loc":{"start":{"line":131,"column":10},"end":{"line":143,"column":16}},"line":131},"8":{"name":"(anonymous_8)","decl":{"start":{"line":155,"column":23},"end":{"line":155,"column":24}},"loc":{"start":{"line":156,"column":12},"end":{"line":162,"column":18}},"line":156},"9":{"name":"(anonymous_9)","decl":{"start":{"line":201,"column":28},"end":{"line":201,"column":29}},"loc":{"start":{"line":202,"column":16},"end":{"line":211,"column":24}},"line":202},"10":{"name":"(anonymous_10)","decl":{"start":{"line":208,"column":30},"end":{"line":208,"column":31}},"loc":{"start":{"line":208,"column":37},"end":{"line":208,"column":68}},"line":208}},"branchMap":{"0":{"loc":{"start":{"line":18,"column":8},"end":{"line":21,"column":9}},"type":"if","locations":[{"start":{"line":18,"column":8},"end":{"line":21,"column":9}},{"start":{},"end":{}}],"line":18},"1":{"loc":{"start":{"line":78,"column":4},"end":{"line":86,"column":5}},"type":"if","locations":[{"start":{"line":78,"column":4},"end":{"line":86,"column":5}},{"start":{"line":84,"column":11},"end":{"line":86,"column":5}}],"line":78},"2":{"loc":{"start":{"line":89,"column":2},"end":{"line":91,"column":3}},"type":"if","locations":[{"start":{"line":89,"column":2},"end":{"line":91,"column":3}},{"start":{},"end":{}}],"line":89},"3":{"loc":{"start":{"line":117,"column":49},"end":{"line":117,"column":81}},"type":"binary-expr","locations":[{"start":{"line":117,"column":49},"end":{"line":117,"column":72}},{"start":{"line":117,"column":76},"end":{"line":117,"column":81}}],"line":117},"4":{"loc":{"start":{"line":118,"column":53},"end":{"line":118,"column":90}},"type":"binary-expr","locations":[{"start":{"line":118,"column":53},"end":{"line":118,"column":81}},{"start":{"line":118,"column":85},"end":{"line":118,"column":90}}],"line":118},"5":{"loc":{"start":{"line":119,"column":44},"end":{"line":119,"column":66}},"type":"binary-expr","locations":[{"start":{"line":119,"column":44},"end":{"line":119,"column":57}},{"start":{"line":119,"column":61},"end":{"line":119,"column":66}}],"line":119},"6":{"loc":{"start":{"line":128,"column":11},"end":{"line":148,"column":7}},"type":"cond-expr","locations":[{"start":{"line":129,"column":12},"end":{"line":145,"column":14}},{"start":{"line":147,"column":8},"end":{"line":147,"column":63}}],"line":128},"7":{"loc":{"start":{"line":128,"column":11},"end":{"line":128,"column":105}},"type":"binary-expr","locations":[{"start":{"line":128,"column":11},"end":{"line":128,"column":58}},{"start":{"line":128,"column":62},"end":{"line":128,"column":105}}],"line":128},"8":{"loc":{"start":{"line":199,"column":11},"end":{"line":216,"column":11}},"type":"cond-expr","locations":[{"start":{"line":200,"column":12},"end":{"line":213,"column":18}},{"start":{"line":215,"column":12},"end":{"line":215,"column":89}}],"line":199}},"s":{"0":1,"1":14,"2":14,"3":14,"4":14,"5":14,"6":14,"7":14,"8":4,"9":4,"10":4,"11":4,"12":0,"13":0,"14":4,"15":4,"16":4,"17":8,"18":4,"19":4,"20":0,"21":4,"22":4,"23":14,"24":1,"25":1,"26":0,"27":1,"28":14,"29":1,"30":1,"31":1,"32":2,"33":1,"34":1,"35":0,"36":14,"37":8,"38":6,"39":6,"40":12,"41":11,"42":1},"f":{"0":14,"1":4,"2":4,"3":8,"4":1,"5":1,"6":2,"7":6,"8":12,"9":11,"10":1},"b":{"0":[0,4],"1":[1,0],"2":[8,6],"3":[6,0],"4":[6,0],"5":[6,6],"6":[6,0],"7":[6,6],"8":[6,0]},"_coverageSchema":"1a1c01bbd47fc00a2c39e90264f33305004495a9","hash":"de379434240b3f4883abf90913804dbb85e16058"}
}
