TN:
SF:src/components/About.jsx
FN:4,About
FNF:1
FNH:1
FNDA:4,About
DA:5,4
LF:1
LH:1
BRF:0
BRH:0
end_of_record
TN:
SF:src/components/Contact.jsx
FN:4,Contact
FNF:1
FNH:1
FNDA:4,Contact
DA:5,4
LF:1
LH:1
BRF:0
BRH:0
end_of_record
TN:
SF:src/components/Footer.jsx
FN:4,Footer
FNF:1
FNH:1
FNDA:2,Footer
DA:5,2
LF:1
LH:1
BRF:0
BRH:0
end_of_record
TN:
SF:src/components/Header.jsx
FN:4,Header
FNF:1
FNH:1
FNDA:3,Header
DA:5,3
LF:1
LH:1
BRF:0
BRH:0
end_of_record
TN:
SF:src/components/HeroSection.jsx
FN:4,HeroSection
FNF:1
FNH:1
FNDA:3,HeroSection
DA:5,3
LF:1
LH:1
BRF:0
BRH:0
end_of_record
TN:
SF:src/components/Navbar.jsx
FN:4,Navbar
FN:22,(anonymous_1)
FN:30,(anonymous_2)
FNF:3
FNH:3
FNDA:6,Navbar
FNDA:6,(anonymous_1)
FNDA:6,(anonymous_2)
DA:5,6
DA:23,6
DA:31,6
LF:3
LH:3
BRDA:23,0,0,0
BRDA:23,0,1,6
BRDA:31,1,0,6
BRDA:31,1,1,0
BRF:4
BRH:2
end_of_record
TN:
SF:src/components/ProfilePage.jsx
FN:4,(anonymous_0)
FN:11,(anonymous_1)
FN:12,(anonymous_2)
FN:22,(anonymous_3)
FN:25,(anonymous_4)
FN:41,(anonymous_5)
FN:44,(anonymous_6)
FN:47,(anonymous_7)
FN:74,(anonymous_8)
FN:81,(anonymous_9)
FN:98,(anonymous_10)
FNF:11
FNH:11
FNDA:11,(anonymous_0)
FNDA:5,(anonymous_1)
FNDA:5,(anonymous_2)
FNDA:8,(anonymous_3)
FNDA:8,(anonymous_4)
FNDA:1,(anonymous_5)
FNDA:1,(anonymous_6)
FNDA:1,(anonymous_7)
FNDA:3,(anonymous_8)
FNDA:1,(anonymous_9)
FNDA:4,(anonymous_10)
DA:4,1
DA:5,11
DA:6,10
DA:11,10
DA:12,5
DA:13,5
DA:14,5
DA:15,5
DA:16,5
DA:17,5
DA:18,5
DA:20,5
DA:21,5
DA:22,8
DA:24,5
DA:25,8
DA:28,5
DA:34,0
DA:38,5
DA:41,10
DA:42,1
DA:43,1
DA:44,1
DA:47,1
DA:50,1
DA:52,0
DA:56,10
DA:57,5
DA:60,5
DA:75,3
DA:81,1
DA:99,4
LF:32
LH:30
BRDA:16,0,0,5
BRDA:16,0,1,0
BRDA:56,1,0,5
BRDA:56,1,1,5
BRDA:72,2,0,3
BRDA:72,2,1,2
BRDA:96,3,0,4
BRDA:96,3,1,1
BRF:8
BRH:7
end_of_record
TN:
SF:src/components/RecordList.jsx
FN:7,RecordList
FN:19,(anonymous_1)
FN:21,(anonymous_2)
FN:22,getRecords
FN:36,(anonymous_4)
FN:37,(anonymous_5)
FN:59,(anonymous_6)
FN:64,(anonymous_7)
FN:69,(anonymous_8)
FN:83,(anonymous_9)
FN:106,(anonymous_10)
FN:109,(anonymous_11)
FN:114,(anonymous_12)
FN:143,(anonymous_13)
FN:175,recordList
FN:176,(anonymous_15)
FN:177,(anonymous_16)
FN:201,(anonymous_17)
FN:244,(anonymous_18)
FN:257,(anonymous_19)
FN:270,(anonymous_20)
FN:277,(anonymous_21)
FN:289,(anonymous_22)
FN:297,(anonymous_23)
FNF:24
FNH:19
FNDA:29,RecordList
FNDA:6,(anonymous_1)
FNDA:9,(anonymous_2)
FNDA:9,getRecords
FNDA:0,(anonymous_4)
FNDA:0,(anonymous_5)
FNDA:34,(anonymous_6)
FNDA:33,(anonymous_7)
FNDA:8,(anonymous_8)
FNDA:2,(anonymous_9)
FNDA:31,(anonymous_10)
FNDA:1,(anonymous_11)
FNDA:0,(anonymous_12)
FNDA:31,(anonymous_13)
FNDA:28,recordList
FNDA:29,(anonymous_15)
FNDA:29,(anonymous_16)
FNDA:1,(anonymous_17)
FNDA:0,(anonymous_18)
FNDA:2,(anonymous_19)
FNDA:1,(anonymous_20)
FNDA:1,(anonymous_21)
FNDA:0,(anonymous_22)
FNDA:1,(anonymous_23)
DA:8,29
DA:9,28
DA:10,28
DA:11,28
DA:19,28
DA:21,28
DA:23,9
DA:24,9
DA:25,0
DA:26,0
DA:27,0
DA:29,9
DA:30,9
DA:32,9
DA:36,28
DA:37,0
DA:58,28
DA:60,34
DA:65,33
DA:66,8
DA:69,8
DA:70,8
DA:72,8
DA:73,4
DA:77,29
DA:78,2
DA:79,2
DA:80,2
DA:83,2
DA:84,2
DA:85,2
DA:87,2
DA:88,0
DA:101,29
DA:106,28
DA:107,31
DA:109,31
DA:111,1
DA:114,31
DA:116,0
DA:119,31
DA:124,31
DA:144,31
DA:176,29
DA:177,28
DA:178,29
DA:185,28
DA:201,1
DA:244,0
DA:257,2
DA:270,1
DA:277,1
DA:289,0
DA:297,1
LF:54
LH:46
BRDA:24,0,0,0
BRDA:24,0,1,9
BRDA:60,1,0,34
BRDA:60,1,1,2
BRDA:60,1,2,1
BRDA:65,2,0,8
BRDA:65,2,1,25
BRDA:66,3,0,8
BRDA:66,3,1,0
BRDA:72,4,0,4
BRDA:72,4,1,4
BRDA:77,5,0,2
BRDA:77,5,1,27
BRDA:77,6,0,29
BRDA:77,6,1,27
BRDA:78,7,0,2
BRDA:78,7,1,0
BRDA:79,8,0,2
BRDA:79,8,1,1
BRDA:80,9,0,2
BRDA:80,9,1,0
BRDA:85,10,0,2
BRDA:85,10,1,2
BRDA:87,11,0,0
BRDA:87,11,1,2
BRDA:119,12,0,31
BRDA:119,12,1,0
BRDA:132,13,0,31
BRDA:132,13,1,0
BRDA:136,14,0,31
BRDA:136,14,1,0
BRDA:141,15,0,31
BRDA:141,15,1,0
BRDA:227,16,0,10
BRDA:227,16,1,18
BRDA:234,17,0,28
BRDA:234,17,1,10
BRDA:243,18,0,10
BRDA:243,18,1,10
BRDA:256,19,0,10
BRDA:256,19,1,6
BRDA:269,20,0,10
BRDA:269,20,1,8
BRDA:276,21,0,10
BRDA:276,21,1,9
BRDA:288,22,0,10
BRDA:288,22,1,10
BRF:47
BRH:38
end_of_record
TN:
SF:src/components/StylingPage.jsx
FN:5,(anonymous_0)
FN:14,(anonymous_1)
FN:15,(anonymous_2)
FN:26,(anonymous_3)
FN:64,(anonymous_4)
FN:77,(anonymous_5)
FN:81,(anonymous_6)
FN:130,(anonymous_7)
FN:155,(anonymous_8)
FN:201,(anonymous_9)
FN:208,(anonymous_10)
FNF:11
FNH:11
FNDA:14,(anonymous_0)
FNDA:4,(anonymous_1)
FNDA:4,(anonymous_2)
FNDA:8,(anonymous_3)
FNDA:1,(anonymous_4)
FNDA:1,(anonymous_5)
FNDA:2,(anonymous_6)
FNDA:6,(anonymous_7)
FNDA:12,(anonymous_8)
FNDA:11,(anonymous_9)
FNDA:1,(anonymous_10)
DA:5,1
DA:6,14
DA:7,14
DA:9,14
DA:10,14
DA:11,14
DA:12,14
DA:14,14
DA:15,4
DA:16,4
DA:17,4
DA:18,4
DA:19,0
DA:20,0
DA:22,4
DA:23,4
DA:26,8
DA:36,4
DA:37,4
DA:39,0
DA:43,4
DA:57,4
DA:64,14
DA:65,1
DA:66,1
DA:71,0
DA:73,1
DA:77,14
DA:78,1
DA:79,1
DA:81,2
DA:82,1
DA:83,1
DA:85,0
DA:89,14
DA:90,8
DA:93,6
DA:131,6
DA:156,12
DA:202,11
DA:208,1
LF:41
LH:36
BRDA:18,0,0,0
BRDA:18,0,1,4
BRDA:78,1,0,1
BRDA:78,1,1,0
BRDA:89,2,0,8
BRDA:89,2,1,6
BRDA:117,3,0,6
BRDA:117,3,1,0
BRDA:118,4,0,6
BRDA:118,4,1,0
BRDA:119,5,0,6
BRDA:119,5,1,6
BRDA:128,6,0,6
BRDA:128,6,1,0
BRDA:128,7,0,6
BRDA:128,7,1,6
BRDA:199,8,0,6
BRDA:199,8,1,0
BRF:18
BRH:12
end_of_record
